=~=~=~=~=~=~=~=~=~=~=~= PuTTY log 2023.12.21 11:46:49 =~=~=~=~=~=~=~=~=~=~=~=
ets Jul 29 2019 12:21:46

rst:0x1 (POWERON_RESET),boot:0x13 (SPI_FAST_FLASH_BOOT)
configsip: 0, SPIWP:0xee
clk_drv:0x00,q_drv:0x00,d_drv:0x00,cs0_drv:0x00,hd_drv:0x00,wp_drv:0x00
mode:DIO, clock div:1
load:0x3fff0030,len:1344
load:0x40078000,len:13964
load:0x40080400,len:3600
entry 0x400805f0
Attempting to connect to ELM327...
Clearing input serial buffer
Sending the following command/query: AT D
Timeout detected with overflow of 0ms
Clearing input serial buffer
Sending the following command/query: AT Z
Timeout detected with overflow of 0ms
Clearing input serial buffer
Sending the following command/query: AT E0
Timeout detected with overflow of 0ms
Clearing input serial buffer
Sending the following command/query: AT S0
Timeout detected with overflow of 0ms
Clearing input serial buffer
Sending the following command/query: AT AL
Timeout detected with overflow of 0ms
Clearing input serial buffer
Sending the following command/query: AT ST 00
Timeout detected with overflow of 0ms
Clearing input serial buffer
Sending the following command/query: AT SP A0
Timeout detected with overflow of 0ms
Setting protocol via AT TP A%c did not work - trying via AT SP %c
Clearing input serial buffer
Sending the following command/query: AT SP 0
Timeout detected with overflow of 0ms
Setting protocol via AT SP %c did not work
Couldn't connect to OBD scanner
Connected to ELM327
Service: 1
PID: 12
Normal length query detected
Query string: 010C1
Clearing input serial buffer
Sending the following command/query: 010C1
Timeout detected with overflow of 0ms
Received: 
ERROR: ELM_TIMEOUT
Service: 1
PID: 13
Normal length query detected
Query string: 010D1
Clearing input serial buffer
Sending the following command/query: 010D1
Timeout detected with overflow of 0ms
Received: 
ERROR: ELM_TIMEOUT
Service: 1
PID: 5
Normal length query detected
Query string: 01051
Clearing input serial buffer
Sending the following command/query: 01051
Timeout detected with overflow of 0ms
Received: 
ERROR: ELM_TIMEOUT
Clearing input serial buffer
Sending the following command/query: AT RV
Timeout detected with overflow of 0ms
Received: 
ERROR: ELM_TIMEOUT
Service: 1
PID: 12
Normal length query detected
Query string: 010C1
Clearing input serial buffer
Sending the following command/query: 010C1
Timeout detected with overflow of 0ms
Received: 
ERROR: ELM_TIMEOUT
Service: 1
PID: 13
Normal length query detected
Query string: 010D1
Clearing input serial buffer
Sending the following command/query: 010D1
Timeout detected with overflow of 0ms
Received: 
ERROR: ELM_TIMEOUT
Service: 1
PID: 5
Normal length query detected
Query string: 01051
Clearing input serial buffer
Sending the following command/query: 01051
Timeout detected with overflow of 0ms
Received: 
ERROR: ELM_TIMEOUT
Clearing input serial buffer
Sending the following command/query: AT RV
Timeout detected with overflow of 0ms
Received: 
ERROR: ELM_TIMEOUT
Service: 1
PID: 12
Normal length query detected
Query string: 010C1
Clearing input serial buffer
Sending the following command/query: 010C1
Timeout detected with overflow of 0ms
Received: 
ERROR: ELM_TIMEOUT
Service: 1
PID: 13
Normal length query detected
Query string: 010D1
Clearing input serial buffer
Sending the following command/query: 010D1
Timeout detected with overflow of 0ms
Received: 
ERROR: ELM_TIMEOUT
Service: 1
PID: 5
Normal length query detected
Query string: 01051
Clearing input serial buffer
Sending the following command/query: 01051
Timeout detected with overflow of 0ms
Received: 
ERROR: ELM_TIMEOUT
Clearing input serial buffer
Sending the following command/query: AT RV
Timeout detected with overflow of 0ms
Received: 
ERROR: ELM_TIMEOUT
Service: 1
PID: 12
Normal length query detected
Query string: 010C1
Clearing input serial buffer
Sending the following command/query: 010C1
Timeout detected with overflow of 0ms
Received: 
ERROR: ELM_TIMEOUT
Service: 1
PID: 13
Normal length query detected
Query string: 010D1
Clearing input serial buffer
Sending the following command/query: 010D1
Timeout detected with overflow of 0ms
Received: 
ERROR: ELM_TIMEOUT
Service: 1
PID: 5
Normal length query detected
Query string: 01051
Clearing input serial buffer
Sending the following command/query: 01051
Timeout detected with overflow of 0ms
Received: 
ERROR: ELM_TIMEOUT
Clearing input serial buffer
Sending the following command/query: AT RV
Timeout detected with overflow of 0ms
Received: 
ERROR: ELM_TIMEOUT
Service: 1
PID: 12
Normal length query detected
Query string: 010C1
Clearing input serial buffer
Sending the following command/query: 010C1
Timeout detected with overflow of 0ms
Received: 
ERROR: ELM_TIMEOUT
Service: 1
PID: 13
Normal length query detected
Query string: 010D1
Clearing input serial buffer
Sending the following command/query: 010D1
Timeout detected with overflow of 0ms
Received: 
ERROR: ELM_TIMEOUT
Service: 1
PID: 5
Normal length query detected
Query string: 01051
Clearing input serial buffer
Sending the following command/query: 01051
Timeout detected with overflow of 0ms
Received: 
ERROR: ELM_TIMEOUT
Clearing input serial buffer
Sending the following command/query: AT RV
Timeout detected with overflow of 0ms
Received: 
ERROR: ELM_TIMEOUT
Service: 1
PID: 12
Normal length query detected
Query string: 010C1
Clearing input serial buffer
Sending the following command/query: 010C1
Timeout detected with overflow of 0ms
Received: 
ERROR: ELM_TIMEOUT
Service: 1
PID: 13
Normal length query detected
Query string: 010D1
Clearing input serial buffer
Sending the following command/query: 010D1
Timeout detected with overflow of 0ms
Received: 
ERROR: ELM_TIMEOUT
Service: 1
PID: 5
Normal length query detected
Query string: 01051
Clearing input serial buffer
Sending the following command/query: 01051
Timeout detected with overflow of 0ms
Received: 
ERROR: ELM_TIMEOUT
Clearing input serial buffer
Sending the following command/query: AT RV
Timeout detected with overflow of 0ms
Received: 
ERROR: ELM_TIMEOUT
Service: 1
PID: 12
Normal length query detected
Query string: 010C1
Clearing input serial buffer
Sending the following command/query: 010C1
Timeout detected with overflow of 0ms
Received: 
ERROR: ELM_TIMEOUT
Service: 1
PID: 13
Normal length query detected
Query string: 010D1
Clearing input serial buffer
Sending the following command/query: 010D1
Timeout detected with overflow of 0ms
Received: 
ERROR: ELM_TIMEOUT
Service: 1
PID: 5
Normal length query detected
Query string: 01051
Clearing input serial buffer
Sending the following command/query: 01051
Timeout detected with overflow of 0ms
Received: 
ERROR: ELM_TIMEOUT
Clearing input serial buffer
Sending the following command/query: AT RV
Timeout detected with overflow of 0ms
Received: 
ERROR: ELM_TIMEOUT
Service: 1
PID: 12
Normal length query detected
Query string: 010C1
Clearing input serial buffer
Sending the following command/query: 010C1
Timeout detected with overflow of 0ms
Received: 
ERROR: ELM_TIMEOUT
Service: 1
PID: 13
Normal length query detected
Query string: 010D1
Clearing input serial buffer
Sending the following command/query: 010D1
Timeout detected with overflow of 0ms
Received: 
ERROR: ELM_TIMEOUT
Service: 1
PID: 5
Normal length query detected
Query string: 01051
Clearing input serial buffer
Sending the following command/query: 01051
Timeout detected with overflow of 0ms
Received: 
ERROR: ELM_TIMEOUT
Clearing input serial buffer
Sending the following command/query: AT RV
Timeout detected with overflow of 0ms
Received: 
ERROR: ELM_TIMEOUT
Service: 1
PID: 12
Normal length query detected
Query string: 010C1
Clearing input serial buffer
Sending the following command/query: 010C1
Timeout detected with overflow of 0ms
Received: 
ERROR: ELM_TIMEOUT
Service: 1
PID: 13
Normal length query detected
Query string: 010D1
Clearing input serial buffer
Sending the following command/query: 010D1
Timeout detected with overflow of 0ms
Received: 
ERROR: ELM_TIMEOUT
Service: 1
PID: 5
Normal length query detected
Query string: 01051
Clearing input serial buffer
Sending the following command/query: 01051
Timeout detected with overflow of 0ms
Received: 
ERROR: ELM_TIMEOUT
Clearing input serial buffer
Sending the following command/query: AT RV
Timeout detected with overflow of 0ms
Received: 
ERROR: ELM_TIMEOUT
Service: 1
PID: 12
Normal length query detected
Query string: 010C1
Clearing input serial buffer
Sending the following command/query: 010C1
Timeout detected with overflow of 0ms
Received: 
ERROR: ELM_TIMEOUT
Service: 1
PID: 13
Normal length query detected
Query string: 010D1
Clearing input serial buffer
Sending the following command/query: 010D1
Timeout detected with overflow of 0ms
Received: 
ERROR: ELM_TIMEOUT
Service: 1
PID: 5
Normal length query detected
Query string: 01051
Clearing input serial buffer
Sending the following command/query: 01051
Timeout detected with overflow of 0ms
Received: 
ERROR: ELM_TIMEOUT
Clearing input serial buffer
Sending the following command/query: AT RV
Timeout detected with overflow of 0ms
Received: 
ERROR: ELM_TIMEOUT
Service: 1
PID: 12
Normal length query detected
Query string: 010C1
Clearing input serial buffer
Sending the following command/query: 010C1
Timeout detected with overflow of 0ms
Received: 
ERROR: ELM_TIMEOUT
Service: 1
PID: 13
Normal length query detected
Query string: 010D1
Clearing input serial buffer
Sending the following command/query: 010D1
Timeout detected with overflow of 0ms
Received: 
ERROR: ELM_TIMEOUT
Service: 1
PID: 5
Normal length query detected
Query string: 01051
Clearing input serial buffer
Sending the following command/query: 01051
Timeout detected with overflow of 0ms
Received: 
ERROR: ELM_TIMEOUT
Clearing input serial buffer
Sending the following command/query: AT RV
Timeout detected with overflow of 0ms
Received: 
ERROR: ELM_TIMEOUT
Service: 1
PID: 12
Normal length query detected
Query string: 010C1
Clearing input serial buffer
Sending the following command/query: 010C1
Timeout detected with overflow of 0ms
Received: 
ERROR: ELM_TIMEOUT
Service: 1
PID: 13
Normal length query detected
Query string: 010D1
Clearing input serial buffer
Sending the following command/query: 010D1
Timeout detected with overflow of 0ms
Received: 
ERROR: ELM_TIMEOUT
Service: 1
PID: 5
Normal length query detected
Query string: 01051
Clearing input serial buffer
Sending the following command/query: 01051
Timeout detected with overflow of 0ms
Received: 
ERROR: ELM_TIMEOUT
Clearing input serial buffer
Sending the following command/query: AT RV
Timeout detected with overflow of 0ms
Received: 
ERROR: ELM_TIMEOUT
Service: 1
PID: 12
Normal length query detected
Query string: 010C1
Clearing input serial buffer
Sending the following command/query: 010C1
Timeout detected with overflow of 0ms
Received: 
ERROR: ELM_TIMEOUT
Service: 1
PID: 13
Normal length query detected
Query string: 010D1
Clearing input serial buffer
Sending the following command/query: 010D1
Timeout detected with overflow of 0ms
Received: 
ERROR: ELM_TIMEOUT
Service: 1
PID: 5
Normal length query detected
Query string: 01051
Clearing input serial buffer
Sending the following command/query: 01051
Timeout detected with overflow of 0ms
Received: 
ERROR: ELM_TIMEOUT
Clearing input serial buffer
Sending the following command/query: AT RV
Timeout detected with overflow of 0ms
Received: 
ERROR: ELM_TIMEOUT
Service: 1
PID: 12
Normal length query detected
Query string: 010C1
Clearing input serial buffer
Sending the following command/query: 010C1
Timeout detected with overflow of 0ms
Received: 
ERROR: ELM_TIMEOUT
Service: 1
PID: 13
Normal length query detected
Query string: 010D1
Clearing input serial buffer
Sending the following command/query: 010D1
Timeout detected with overflow of 0ms
Received: 
ERROR: ELM_TIMEOUT
Service: 1
PID: 5
Normal length query detected
Query string: 01051
Clearing input serial buffer
Sending the following command/query: 01051
Timeout detected with overflow of 0ms
Received: 
ERROR: ELM_TIMEOUT
Clearing input serial buffer
Sending the following command/query: AT RV
Timeout detected with overflow of 0ms
Received: 
ERROR: ELM_TIMEOUT
Service: 1
PID: 12
Normal length query detected
Query string: 010C1
Clearing input serial buffer
Sending the following command/query: 010C1
Timeout detected with overflow of 0ms
Received: 
ERROR: ELM_TIMEOUT
Service: 1
PID: 13
Normal length query detected
Query string: 010D1
Clearing input serial buffer
Sending the following command/query: 010D1
Timeout detected with overflow of 0ms
Received: 
ERROR: ELM_TIMEOUT
Service: 1
PID: 5
Normal length query detected
Query string: 01051
Clearing input serial buffer
Sending the following command/query: 01051
Timeout detected with overflow of 0ms
Received: 
ERROR: ELM_TIMEOUT
Clearing input serial buffer
Sending the following command/query: AT RV
Timeout detected with overflow of 0ms
Received: 
ERROR: ELM_TIMEOUT
Service: 1
PID: 12
Normal length query detected
Query string: 010C1
Clearing input serial buffer
Sending the following command/query: 010C1
Timeout detected with overflow of 0ms
Received: 
ERROR: ELM_TIMEOUT
Service: 1
PID: 13
Normal length query detected
Query string: 010D1
Clearing input serial buffer
Sending the following command/query: 010D1
Timeout detected with overflow of 0ms
Received: 
ERROR: ELM_TIMEOUT
Service: 1
PID: 5
Normal length query detected
Query string: 01051
Clearing input serial buffer
Sending the following command/query: 01051
Timeout detected with overflow of 0ms
Received: 
ERROR: ELM_TIMEOUT
Clearing input serial buffer
Sending the following command/query: AT RV
Timeout detected with overflow of 0ms
Received: 
ERROR: ELM_TIMEOUT
Service: 1
PID: 12
Normal length query detected
Query string: 010C1
Clearing input serial buffer
Sending the following command/query: 010C1
Timeout detected with overflow of 0ms
Received: 
ERROR: ELM_TIMEOUT
Service: 1
PID: 13
Normal length query detected
Query string: 010D1
Clearing input serial buffer
Sending the following command/query: 010D1
Timeout detected with overflow of 0ms
Received: 
ERROR: ELM_TIMEOUT
Service: 1
PID: 5
Normal length query detected
Query string: 01051
Clearing input serial buffer
Sending the following command/query: 01051
Timeout detected with overflow of 0ms
Received: 
ERROR: ELM_TIMEOUT
Clearing input serial buffer
Sending the following command/query: AT RV
Timeout detected with overflow of 0ms
Received: 
ERROR: ELM_TIMEOUT
Service: 1
PID: 12
Normal length query detected
Query string: 010C1
Clearing input serial buffer
Sending the following command/query: 010C1
Timeout detected with overflow of 0ms
Received: 
ERROR: ELM_TIMEOUT
Service: 1
PID: 13
Normal length query detected
Query string: 010D1
Clearing input serial buffer
Sending the following command/query: 010D1
Timeout detected with overflow of 0ms
Received: 
ERROR: ELM_TIMEOUT
Service: 1
PID: 5
Normal length query detected
Query string: 01051
Clearing input serial buffer
Sending the following command/query: 01051
Timeout detected with overflow of 0ms
Received: 
ERROR: ELM_TIMEOUT
Clearing input serial buffer
Sending the following command/query: AT RV
Timeout detected with overflow of 0ms
Received: 
ERROR: ELM_TIMEOUT
Service: 1
PID: 12
Normal length query detected
Query string: 010C1
Clearing input serial buffer
Sending the following command/query: 010C1
Timeout detected with overflow of 0ms
Received: 
ERROR: ELM_TIMEOUT
Service: 1
PID: 13
Normal length query detected
Query string: 010D1
Clearing input serial buffer
Sending the following command/query: 010D1
Timeout detected with overflow of 0ms
Received: 
ERROR: ELM_TIMEOUT
Service: 1
PID: 5
Normal length query detected
Query string: 01051
Clearing input serial buffer
Sending the following command/query: 01051
Timeout detected with overflow of 0ms
Received: 
ERROR: ELM_TIMEOUT
Clearing input serial buffer
Sending the following command/query: AT RV
Timeout detected with overflow of 0ms
Received: 
ERROR: ELM_TIMEOUT
Service: 1
PID: 12
Normal length query detected
Query string: 010C1
Clearing input serial buffer
Sending the following command/query: 010C1
Timeout detected with overflow of 0ms
Received: 
ERROR: ELM_TIMEOUT
Service: 1
PID: 13
Normal length query detected
Query string: 010D1
Clearing input serial buffer
Sending the following command/query: 010D1
Timeout detected with overflow of 0ms
Received: 
ERROR: ELM_TIMEOUT
Service: 1
PID: 5
Normal length query detected
Query string: 01051
Clearing input serial buffer
Sending the following command/query: 01051
Timeout detected with overflow of 0ms
Received: 
ERROR: ELM_TIMEOUT
Clearing input serial buffer
Sending the following command/query: AT RV
Timeout detected with overflow of 0ms
Received: 
ERROR: ELM_TIMEOUT
Service: 1
PID: 12
Normal length query detected
Query string: 010C1
Clearing input serial buffer
Sending the following command/query: 010C1
Timeout detected with overflow of 0ms
Received: 
ERROR: ELM_TIMEOUT
Service: 1
PID: 13
Normal length query detected
Query string: 010D1
Clearing input serial buffer
Sending the following command/query: 010D1
Timeout detected with overflow of 0ms
Received: 
ERROR: ELM_TIMEOUT
Service: 1
PID: 5
Normal length query detected
Query string: 01051
Clearing input serial buffer
Sending the following command/query: 01051
Timeout detected with overflow of 0ms
Received: 
ERROR: ELM_TIMEOUT
Clearing input serial buffer
Sending the following command/query: AT RV
T